[debug] [2020-12-10T11:12:51.529Z] ----------------------------------------------------------------------
[debug] [2020-12-10T11:12:51.530Z] Command:       C:\Program Files\nodejs\node.exe C:\Users\kathirr007\AppData\Local\Yarn\Data\global\node_modules\firebase-tools\lib\bin\firebase.js deploy --only hosting
[debug] [2020-12-10T11:12:51.531Z] CLI Version:   8.18.1
[debug] [2020-12-10T11:12:51.531Z] Platform:      win32
[debug] [2020-12-10T11:12:51.531Z] Node Version:  v10.15.1
[debug] [2020-12-10T11:12:51.531Z] Time:          Thu Dec 10 2020 16:42:51 GMT+0530 (India Standard Time)
[debug] [2020-12-10T11:12:51.532Z] ----------------------------------------------------------------------
[debug] [2020-12-10T11:12:51.532Z] 
[debug] [2020-12-10T11:12:51.538Z] > command requires scopes: ["email","openid","https://www.googleapis.com/auth/cloudplatformprojects.readonly","https://www.googleapis.com/auth/firebase","https://www.googleapis.com/auth/cloud-platform"]
[debug] [2020-12-10T11:12:51.538Z] > authorizing via signed-in user
[debug] [2020-12-10T11:12:51.539Z] [iam] checking project vue-domno for permissions ["firebase.projects.get","firebasehosting.sites.update"]
[debug] [2020-12-10T11:12:51.541Z] >>> HTTP REQUEST POST https://cloudresourcemanager.googleapis.com/v1/projects/vue-domno:testIamPermissions  
 {"permissions":["firebase.projects.get","firebasehosting.sites.update"]}
[debug] [2020-12-10T11:12:52.829Z] <<< HTTP RESPONSE 200 {"content-type":"application/json; charset=UTF-8","vary":"X-Origin, Referer, Origin,Accept-Encoding","date":"Thu, 10 Dec 2020 11:12:51 GMT","server":"ESF","cache-control":"private","x-xss-protection":"0","x-frame-options":"SAMEORIGIN","x-content-type-options":"nosniff","server-timing":"gfet4t7; dur=1162","alt-svc":"h3-29=\":443\"; ma=2592000,h3-T051=\":443\"; ma=2592000,h3-Q050=\":443\"; ma=2592000,h3-Q046=\":443\"; ma=2592000,h3-Q043=\":443\"; ma=2592000,quic=\":443\"; ma=2592000; v=\"46,43\"","accept-ranges":"none","transfer-encoding":"chunked"}
[debug] [2020-12-10T11:12:52.830Z] >>> HTTP REQUEST GET https://firebase.googleapis.com/v1beta1/projects/vue-domno  
 
[debug] [2020-12-10T11:13:13.885Z] Server Error. connect ETIMEDOUT 216.58.200.138:443
[debug] [2020-12-10T11:13:14.216Z] FirebaseError: Server Error. connect ETIMEDOUT 216.58.200.138:443
    at Request._callback (C:\Users\kathirr007\AppData\Local\Yarn\Data\global\node_modules\firebase-tools\lib\api.js:32:31)
    at self.callback (C:\Users\kathirr007\AppData\Local\Yarn\Data\global\node_modules\request\request.js:185:22)
    at Request.emit (events.js:189:13)
    at Request.EventEmitter.emit (domain.js:441:20)
    at Request.onRequestError (C:\Users\kathirr007\AppData\Local\Yarn\Data\global\node_modules\request\request.js:877:8)
    at ClientRequest.emit (events.js:194:15)
    at ClientRequest.EventEmitter.emit (domain.js:441:20)
    at TLSSocket.socketErrorListener (_http_client.js:392:9)
    at TLSSocket.emit (events.js:189:13)
    at TLSSocket.EventEmitter.emit (domain.js:441:20)
    at emitErrorNT (internal/streams/destroy.js:82:8)
    at emitErrorAndCloseNT (internal/streams/destroy.js:50:3)
    at process._tickCallback (internal/process/next_tick.js:63:19)
[error] 
[error] Error: Failed to get Firebase project vue-domno. Please make sure the project exists and your account has permission to access it.
